1764660166615|25|statement|connection 0|url jdbc:p6spy:sqlserver://localhost:1433;databaseName=JSDB;encrypt=false;trustServerCertificate=true;|SELECT compatibility_level FROM sys.databases where name = db_name();|SELECT compatibility_level FROM sys.databases where name = db_name();
1764660182645|5|statement|connection 0|url jdbc:p6spy:sqlserver://localhost:1433;databaseName=JSDB;encrypt=false;trustServerCertificate=true;|SELECT COUNT(1) 		FROM USER_INFO 		WHERE USER_ID = ?|SELECT COUNT(1) 		FROM USER_INFO 		WHERE USER_ID = 'ADMIN'
1764660182673|2|statement|connection 0|url jdbc:p6spy:sqlserver://localhost:1433;databaseName=JSDB;encrypt=false;trustServerCertificate=true;|SELECT USER_ID 				,USERNAME 				,EMAIL 		FROM USER_INFO 		WHERE USER_ID = ?|SELECT USER_ID 				,USERNAME 				,EMAIL 		FROM USER_INFO 		WHERE USER_ID = 'ADMIN'
1764660342551|26|statement|connection 10|url jdbc:p6spy:sqlserver://localhost:1433;databaseName=JSDB;encrypt=false;trustServerCertificate=true;|SELECT compatibility_level FROM sys.databases where name = db_name();|SELECT compatibility_level FROM sys.databases where name = db_name();
1764660350806|3|statement|connection 0|url jdbc:p6spy:sqlserver://localhost:1433;databaseName=JSDB;encrypt=false;trustServerCertificate=true;|SELECT compatibility_level FROM sys.databases where name = db_name();|SELECT compatibility_level FROM sys.databases where name = db_name();
1764660359260|4|statement|connection 0|url jdbc:p6spy:sqlserver://localhost:1433;databaseName=JSDB;encrypt=false;trustServerCertificate=true;|SELECT MENU_ID 			  , MENU_URL 			  , TITLE 			  , USE_YN 		FROM MENU_INFO 		WHERE USE_YN = 'Y'|SELECT MENU_ID 			  , MENU_URL 			  , TITLE 			  , USE_YN 		FROM MENU_INFO 		WHERE USE_YN = 'Y'
1764660580488|24|statement|connection 0|url jdbc:p6spy:sqlserver://localhost:1433;databaseName=JSDB;encrypt=false;trustServerCertificate=true;?p6spyOptions=v=mssql|SELECT compatibility_level FROM sys.databases where name = db_name();|SELECT compatibility_level FROM sys.databases where name = db_name();
1764660589714|3|statement|connection 0|url jdbc:p6spy:sqlserver://localhost:1433;databaseName=JSDB;encrypt=false;trustServerCertificate=true;?p6spyOptions=v=mssql|SELECT MENU_ID 			  , MENU_URL 			  , TITLE 			  , USE_YN 		FROM MENU_INFO 		WHERE USE_YN = 'Y'|SELECT MENU_ID 			  , MENU_URL 			  , TITLE 			  , USE_YN 		FROM MENU_INFO 		WHERE USE_YN = 'Y'
1764660633931|22|statement|connection 10|url jdbc:p6spy:sqlserver://localhost:1433;databaseName=JSDB;encrypt=false;trustServerCertificate=true|SELECT compatibility_level FROM sys.databases where name = db_name();|SELECT compatibility_level FROM sys.databases where name = db_name();
1764660642102|3|statement|connection 0|url jdbc:p6spy:sqlserver://localhost:1433;databaseName=JSDB;encrypt=false;trustServerCertificate=true|SELECT compatibility_level FROM sys.databases where name = db_name();|SELECT compatibility_level FROM sys.databases where name = db_name();
1764660654141|3|statement|connection 0|url jdbc:p6spy:sqlserver://localhost:1433;databaseName=JSDB;encrypt=false;trustServerCertificate=true|SELECT MENU_ID 			  , MENU_URL 			  , TITLE 			  , USE_YN 		FROM MENU_INFO 		WHERE USE_YN = 'Y'|SELECT MENU_ID 			  , MENU_URL 			  , TITLE 			  , USE_YN 		FROM MENU_INFO 		WHERE USE_YN = 'Y'
1764660671318|4|statement|connection 0|url jdbc:p6spy:sqlserver://localhost:1433;databaseName=JSDB;encrypt=false;trustServerCertificate=true|SELECT COUNT(1) 		FROM USER_INFO 		WHERE USER_ID = ?|SELECT COUNT(1) 		FROM USER_INFO 		WHERE USER_ID = 'ADMIN'
1764660671322|1|statement|connection 0|url jdbc:p6spy:sqlserver://localhost:1433;databaseName=JSDB;encrypt=false;trustServerCertificate=true|SELECT USER_ID 				,USERNAME 				,EMAIL 		FROM USER_INFO 		WHERE USER_ID = ?|SELECT USER_ID 				,USERNAME 				,EMAIL 		FROM USER_INFO 		WHERE USER_ID = 'ADMIN'
1764660874275|21|statement|connection 10|url jdbc:p6spy:sqlserver://localhost:1433;databaseName=JSDB;encrypt=false;trustServerCertificate=true|SELECT compatibility_level FROM sys.databases where name = db_name();|SELECT compatibility_level FROM sys.databases where name = db_name();
1764660922162|30|statement|connection 0|url jdbc:p6spy:sqlserver://localhost:1433;databaseName=JSDB;encrypt=false;trustServerCertificate=true|SELECT compatibility_level FROM sys.databases where name = db_name();|SELECT compatibility_level FROM sys.databases where name = db_name();
1764660929479|6|statement|connection 0|url jdbc:p6spy:sqlserver://localhost:1433;databaseName=JSDB;encrypt=false;trustServerCertificate=true|SELECT MENU_ID 			  , MENU_URL 			  , TITLE 			  , USE_YN 		FROM MENU_INFO 		WHERE USE_YN = 'Y'|SELECT MENU_ID 			  , MENU_URL 			  , TITLE 			  , USE_YN 		FROM MENU_INFO 		WHERE USE_YN = 'Y'
1764661038695|25|statement|connection 0|url jdbc:p6spy:sqlserver://localhost:1433;databaseName=JSDB;encrypt=false;trustServerCertificate=true|SELECT compatibility_level FROM sys.databases where name = db_name();|SELECT compatibility_level FROM sys.databases where name = db_name();
1764661044642|3|statement|connection 0|url jdbc:p6spy:sqlserver://localhost:1433;databaseName=JSDB;encrypt=false;trustServerCertificate=true|SELECT MENU_ID 			  , MENU_URL 			  , TITLE 			  , USE_YN 		FROM MENU_INFO 		WHERE USE_YN = 'Y'|SELECT MENU_ID 			  , MENU_URL 			  , TITLE 			  , USE_YN 		FROM MENU_INFO 		WHERE USE_YN = 'Y'
1764661250109|21|statement|connection 10|url jdbc:p6spy:sqlserver://localhost:1433;databaseName=JSDB;encrypt=false;trustServerCertificate=true|SELECT compatibility_level FROM sys.databases where name = db_name();|SELECT compatibility_level FROM sys.databases where name = db_name();
1764661271705|4|statement|connection 10|url jdbc:p6spy:sqlserver://localhost:1433;databaseName=JSDB;encrypt=false;trustServerCertificate=true|SELECT MENU_ID 			  , MENU_URL 			  , TITLE 			  , USE_YN 		FROM MENU_INFO 		WHERE USE_YN = 'Y'|SELECT MENU_ID 			  , MENU_URL 			  , TITLE 			  , USE_YN 		FROM MENU_INFO 		WHERE USE_YN = 'Y'
1764661283199|22|statement|connection 20|url jdbc:p6spy:sqlserver://localhost:1433;databaseName=JSDB;encrypt=false;trustServerCertificate=true|SELECT compatibility_level FROM sys.databases where name = db_name();|SELECT compatibility_level FROM sys.databases where name = db_name();
